<?xml version="1.0" encoding="UTF-8"?>
<testng-results ignored="0" total="4" passed="4" failed="0" skipped="0">
  <reporter-output>
  </reporter-output>
  <suite started-at="2024-08-06T07:24:01 IST" name="Suite" finished-at="2024-08-06T07:25:54 IST" duration-ms="112394">
    <groups>
      <group name="cucumber">
        <method signature="AbstractTestNGCucumberTests.runScenario(io.cucumber.testng.PickleWrapper,io.cucumber.testng.FeatureWrapper)[pri:0, instance:runner.TestRunner@7f1302d6]" name="runScenario" class="io.cucumber.testng.AbstractTestNGCucumberTests"/>
      </group> <!-- cucumber -->
    </groups>
    <test started-at="2024-08-06T07:24:01 IST" name="Test" finished-at="2024-08-06T07:25:54 IST" duration-ms="112394">
      <class name="runner.TestRunner">
        <test-method is-config="true" signature="setUpClass()[pri:0, instance:runner.TestRunner@7f1302d6]" started-at="2024-08-06T07:24:01 IST" name="setUpClass" finished-at="2024-08-06T07:24:02 IST" duration-ms="923" status="PASS">
          <reporter-output>
          </reporter-output>
        </test-method> <!-- setUpClass -->
        <test-method signature="runScenario(io.cucumber.testng.PickleWrapper,io.cucumber.testng.FeatureWrapper)[pri:0, instance:runner.TestRunner@7f1302d6]" started-at="2024-08-06T07:24:02 IST" name="runScenario" description="Runs Cucumber Scenarios" data-provider="scenarios" finished-at="2024-08-06T07:24:18 IST" duration-ms="15400" status="PASS">
          <params>
            <param index="0">
              <value>
                <![CDATA["validate search functionality withSoftware Testing"]]>
              </value>
            </param>
            <param index="1">
              <value>
                <![CDATA["Optional[Covers multiple search validation of google]"]]>
              </value>
            </param>
          </params>
          <reporter-output>
          </reporter-output>
        </test-method> <!-- runScenario -->
        <test-method signature="runScenario(io.cucumber.testng.PickleWrapper,io.cucumber.testng.FeatureWrapper)[pri:0, instance:runner.TestRunner@7f1302d6]" started-at="2024-08-06T07:24:18 IST" name="runScenario" description="Runs Cucumber Scenarios" data-provider="scenarios" finished-at="2024-08-06T07:24:28 IST" duration-ms="9882" status="PASS">
          <params>
            <param index="0">
              <value>
                <![CDATA["validate search functionality withManual Testing"]]>
              </value>
            </param>
            <param index="1">
              <value>
                <![CDATA["Optional[Covers multiple search validation of google]"]]>
              </value>
            </param>
          </params>
          <reporter-output>
          </reporter-output>
        </test-method> <!-- runScenario -->
        <test-method signature="runScenario(io.cucumber.testng.PickleWrapper,io.cucumber.testng.FeatureWrapper)[pri:0, instance:runner.TestRunner@7f1302d6]" started-at="2024-08-06T07:24:28 IST" name="runScenario" description="Runs Cucumber Scenarios" data-provider="scenarios" finished-at="2024-08-06T07:24:36 IST" duration-ms="8315" status="PASS">
          <params>
            <param index="0">
              <value>
                <![CDATA["validate search functionality withAutomation testing"]]>
              </value>
            </param>
            <param index="1">
              <value>
                <![CDATA["Optional[Covers multiple search validation of google]"]]>
              </value>
            </param>
          </params>
          <reporter-output>
          </reporter-output>
        </test-method> <!-- runScenario -->
        <test-method signature="runScenario(io.cucumber.testng.PickleWrapper,io.cucumber.testng.FeatureWrapper)[pri:0, instance:runner.TestRunner@7f1302d6]" started-at="2024-08-06T07:24:36 IST" name="runScenario" description="Runs Cucumber Scenarios" data-provider="scenarios" finished-at="2024-08-06T07:25:39 IST" duration-ms="62711" status="PASS">
          <params>
            <param index="0">
              <value>
                <![CDATA["Create PIM and validate it"]]>
              </value>
            </param>
            <param index="1">
              <value>
                <![CDATA["Optional[This feature file is create to cover testing of OrangeHRM PIM flow]"]]>
              </value>
            </param>
          </params>
          <reporter-output>
          </reporter-output>
        </test-method> <!-- runScenario -->
        <test-method is-config="true" signature="tearDownClass()[pri:0, instance:runner.TestRunner@7f1302d6]" started-at="2024-08-06T07:25:39 IST" name="tearDownClass" finished-at="2024-08-06T07:25:54 IST" duration-ms="15103" status="PASS">
          <reporter-output>
          </reporter-output>
        </test-method> <!-- tearDownClass -->
      </class> <!-- runner.TestRunner -->
    </test> <!-- Test -->
  </suite> <!-- Suite -->
</testng-results>
