<?xml version="1.0" encoding="UTF-8"?>
<testng-results ignored="0" total="1" passed="1" failed="0" skipped="0">
  <reporter-output>
  </reporter-output>
  <suite started-at="2024-05-26T14:31:26 IST" name="Default suite" finished-at="2024-05-26T14:31:26 IST" duration-ms="67">
    <groups>
    </groups>
    <test started-at="2024-05-26T14:31:26 IST" name="Default test" finished-at="2024-05-26T14:31:26 IST" duration-ms="67">
      <class name="day2.jsonfileops.ReadingJSON">
        <test-method signature="jsonFileDataReading()[pri:0, instance:day2.jsonfileops.ReadingJSON@41fbdac4]" started-at="2024-05-26T14:31:26 IST" name="jsonFileDataReading" finished-at="2024-05-26T14:31:26 IST" duration-ms="16" status="PASS">
          <reporter-output>
          </reporter-output>
        </test-method> <!-- jsonFileDataReading -->
      </class> <!-- day2.jsonfileops.ReadingJSON -->
    </test> <!-- Default test -->
  </suite> <!-- Default suite -->
</testng-results>
